[2024-01-12 00:02:12.956 DBG] Credits :: Time to save 5,7235ms
[2024-01-12 00:02:12.956 DBG] FirstWords :: Time to save 5,7554ms
[2024-01-12 00:07:12.966 DBG] FirstWords :: Time to save 5,8256ms
[2024-01-12 00:07:12.966 DBG] Credits :: Time to save 5,8139ms
[2024-01-12 00:12:12.989 DBG] FirstWords :: Time to save 5,4825ms
[2024-01-12 00:12:12.989 DBG] Credits :: Time to save 5,517ms
[2024-01-12 00:17:13.007 DBG] FirstWords :: Time to save 6,34ms
[2024-01-12 00:17:13.007 DBG] Credits :: Time to save 6,3889ms
[2024-01-12 00:22:13.010 DBG] Credits :: Time to save 5,6938ms
[2024-01-12 00:22:13.010 DBG] FirstWords :: Time to save 5,7545ms
[2024-01-12 00:27:13.018 DBG] FirstWords :: Time to save 6,513ms
[2024-01-12 00:27:13.018 DBG] Credits :: Time to save 6,5457ms
[2024-01-12 00:32:13.022 DBG] FirstWords :: Time to save 6,0359ms
[2024-01-12 00:32:13.022 DBG] Credits :: Time to save 6,1116ms
[2024-01-12 00:37:13.030 DBG] Credits :: Time to save 6,4144ms
[2024-01-12 00:37:13.031 DBG] FirstWords :: Time to save 7,4216ms
[2024-01-12 00:42:13.032 DBG] FirstWords :: Time to save 5,9794ms
[2024-01-12 00:42:13.032 DBG] Credits :: Time to save 6,0578ms
[2024-01-12 00:47:13.047 DBG] FirstWords :: Time to save 6,105ms
[2024-01-12 00:47:13.047 DBG] Credits :: Time to save 6,1278ms
[2024-01-12 00:52:13.069 DBG] Credits :: Time to save 6,4346ms
[2024-01-12 00:52:13.069 DBG] FirstWords :: Time to save 6,3754ms
[2024-01-12 00:57:13.084 DBG] FirstWords :: Time to save 6,5692ms
[2024-01-12 00:57:13.084 DBG] Credits :: Time to save 6,6519ms
[2024-01-12 01:02:13.088 DBG] FirstWords :: Time to save 5,7097ms
[2024-01-12 01:02:13.088 DBG] Credits :: Time to save 5,7716ms
[2024-01-12 01:07:13.100 DBG] Credits :: Time to save 6,7423ms
[2024-01-12 01:07:13.100 DBG] FirstWords :: Time to save 6,7567ms
[2024-01-12 01:12:13.103 DBG] FirstWords :: Time to save 5,4665ms
[2024-01-12 01:12:13.103 DBG] Credits :: Time to save 5,5556ms
[2024-01-12 01:17:13.107 DBG] Credits :: Time to save 5,4747ms
[2024-01-12 01:17:13.107 DBG] FirstWords :: Time to save 5,5478ms
[2024-01-12 01:22:13.109 DBG] FirstWords :: Time to save 5,4787ms
[2024-01-12 01:22:13.109 DBG] Credits :: Time to save 5,5428ms
[2024-01-12 01:27:13.113 DBG] FirstWords :: Time to save 7,4693ms
[2024-01-12 01:27:13.113 DBG] Credits :: Time to save 7,6951ms
[2024-01-12 01:32:13.125 DBG] Credits :: Time to save 5,4854ms
[2024-01-12 01:32:13.125 DBG] FirstWords :: Time to save 5,477ms
[2024-01-12 01:37:13.139 DBG] FirstWords :: Time to save 5,8198ms
[2024-01-12 01:37:13.139 DBG] Credits :: Time to save 5,8495ms
[2024-01-12 01:42:13.142 DBG] Credits :: Time to save 5,5875ms
[2024-01-12 01:42:13.142 DBG] FirstWords :: Time to save 5,6782ms
[2024-01-12 01:47:13.159 DBG] FirstWords :: Time to save 6,9414ms
[2024-01-12 01:47:13.159 DBG] Credits :: Time to save 6,9825ms
[2024-01-12 01:52:13.182 DBG] Credits :: Time to save 6,6478ms
[2024-01-12 01:52:13.182 DBG] FirstWords :: Time to save 6,7002ms
[2024-01-12 01:57:13.193 DBG] FirstWords :: Time to save 6,9187ms
[2024-01-12 01:57:13.193 DBG] Credits :: Time to save 6,9365ms
[2024-01-12 02:02:13.211 DBG] FirstWords :: Time to save 5,6437ms
[2024-01-12 02:02:13.211 DBG] Credits :: Time to save 5,6646ms
[2024-01-12 02:07:13.213 DBG] FirstWords :: Time to save 5,7648ms
[2024-01-12 02:07:13.213 DBG] Credits :: Time to save 5,814ms
[2024-01-12 02:12:13.225 DBG] Credits :: Time to save 5,7233ms
[2024-01-12 02:12:13.225 DBG] FirstWords :: Time to save 5,7123ms
[2024-01-12 02:17:13.239 DBG] Credits :: Time to save 5,5683ms
[2024-01-12 02:17:13.239 DBG] FirstWords :: Time to save 5,5906ms
[2024-01-12 02:22:13.246 DBG] FirstWords :: Time to save 5,7292ms
[2024-01-12 02:22:13.246 DBG] Credits :: Time to save 5,828ms
[2024-01-12 02:27:13.259 DBG] Credits :: Time to save 7,1002ms
[2024-01-12 02:27:13.259 DBG] FirstWords :: Time to save 7,1336ms
[2024-01-12 02:32:13.271 DBG] FirstWords :: Time to save 5,816ms
[2024-01-12 02:32:13.271 DBG] Credits :: Time to save 5,8161ms
[2024-01-12 02:37:13.280 DBG] Credits :: Time to save 5,2321ms
[2024-01-12 02:37:13.280 DBG] FirstWords :: Time to save 5,2471ms
[2024-01-12 02:42:13.291 DBG] Credits :: Time to save 5,4767ms
[2024-01-12 02:42:13.291 DBG] FirstWords :: Time to save 5,5145ms
[2024-01-12 02:47:13.306 DBG] Credits :: Time to save 5,6795ms
[2024-01-12 02:47:13.306 DBG] FirstWords :: Time to save 5,6966ms
[2024-01-12 02:52:13.321 DBG] Credits :: Time to save 5,7065ms
[2024-01-12 02:52:13.321 DBG] FirstWords :: Time to save 5,7357ms
[2024-01-12 02:57:13.323 DBG] Credits :: Time to save 5,8094ms
[2024-01-12 02:57:13.323 DBG] FirstWords :: Time to save 5,871ms
[2024-01-12 03:02:13.335 DBG] Credits :: Time to save 5,7582ms
[2024-01-12 03:02:13.335 DBG] FirstWords :: Time to save 5,7983ms
[2024-01-12 03:07:13.349 DBG] Credits :: Time to save 5,5523ms
[2024-01-12 03:07:13.349 DBG] FirstWords :: Time to save 5,6118ms
[2024-01-12 03:12:13.368 DBG] FirstWords :: Time to save 7,8842ms
[2024-01-12 03:12:13.368 DBG] Credits :: Time to save 7,8842ms
[2024-01-12 03:17:13.376 DBG] FirstWords :: Time to save 5,3145ms
[2024-01-12 03:17:13.376 DBG] Credits :: Time to save 5,3903ms
[2024-01-12 03:22:13.390 DBG] Credits :: Time to save 6,7256ms
[2024-01-12 03:22:13.390 DBG] FirstWords :: Time to save 6,7889ms
[2024-01-12 03:27:13.412 DBG] FirstWords :: Time to save 5,9027ms
[2024-01-12 03:27:13.412 DBG] Credits :: Time to save 5,9452ms
[2024-01-12 03:32:13.427 DBG] FirstWords :: Time to save 6,8072ms
[2024-01-12 03:32:13.427 DBG] Credits :: Time to save 6,8273ms
[2024-01-12 03:37:13.433 DBG] FirstWords :: Time to save 6,9851ms
[2024-01-12 03:37:13.433 DBG] Credits :: Time to save 7,0258ms
[2024-01-12 03:42:13.440 DBG] Credits :: Time to save 5,6488ms
[2024-01-12 03:42:13.440 DBG] FirstWords :: Time to save 5,6582ms
[2024-01-12 03:47:13.442 DBG] Credits :: Time to save 6,9468ms
[2024-01-12 03:47:13.442 DBG] FirstWords :: Time to save 7,0156ms
[2024-01-12 03:52:13.450 DBG] FirstWords :: Time to save 6,6964ms
[2024-01-12 03:52:13.450 DBG] Credits :: Time to save 6,744ms
[2024-01-12 03:57:13.455 DBG] Credits :: Time to save 7,5578ms
[2024-01-12 03:57:13.455 DBG] FirstWords :: Time to save 7,5712ms
[2024-01-12 04:02:13.456 DBG] Credits :: Time to save 6,6392ms
[2024-01-12 04:02:13.456 DBG] FirstWords :: Time to save 6,73ms
[2024-01-12 04:07:13.475 DBG] FirstWords :: Time to save 5,7772ms
[2024-01-12 04:07:13.475 DBG] Credits :: Time to save 5,8155ms
[2024-01-12 04:12:13.488 DBG] Credits :: Time to save 6,7774ms
[2024-01-12 04:12:13.488 DBG] FirstWords :: Time to save 6,8095ms
[2024-01-12 04:17:13.499 DBG] Credits :: Time to save 6,8928ms
[2024-01-12 04:17:13.500 DBG] FirstWords :: Time to save 7,5071ms
[2024-01-12 04:22:13.501 DBG] Credits :: Time to save 5,79ms
[2024-01-12 04:22:13.501 DBG] FirstWords :: Time to save 5,7823ms
[2024-01-12 04:27:13.509 DBG] FirstWords :: Time to save 5,4445ms
[2024-01-12 04:27:13.509 DBG] Credits :: Time to save 5,4658ms
[2024-01-12 04:32:13.523 DBG] FirstWords :: Time to save 5,7427ms
[2024-01-12 04:32:13.523 DBG] Credits :: Time to save 5,8389ms
[2024-01-12 04:37:13.530 DBG] Credits :: Time to save 5,6111ms
[2024-01-12 04:37:13.530 DBG] FirstWords :: Time to save 5,6962ms
[2024-01-12 04:42:13.533 DBG] Credits :: Time to save 5,5553ms
[2024-01-12 04:42:13.533 DBG] FirstWords :: Time to save 5,5468ms
[2024-01-12 04:47:13.538 DBG] FirstWords :: Time to save 5,9922ms
[2024-01-12 04:47:13.538 DBG] Credits :: Time to save 6,0552ms
[2024-01-12 04:52:13.541 DBG] FirstWords :: Time to save 6,0546ms
[2024-01-12 04:52:13.541 DBG] Credits :: Time to save 6,113ms
[2024-01-12 04:57:13.543 DBG] FirstWords :: Time to save 5,6451ms
[2024-01-12 04:57:13.543 DBG] Credits :: Time to save 5,6553ms
[2024-01-12 05:02:13.551 DBG] FirstWords :: Time to save 5,3324ms
[2024-01-12 05:02:13.551 DBG] Credits :: Time to save 5,3771ms
[2024-01-12 05:07:13.553 DBG] Credits :: Time to save 5,5685ms
[2024-01-12 05:07:13.553 DBG] FirstWords :: Time to save 5,6351ms
[2024-01-12 05:12:13.567 DBG] FirstWords :: Time to save 5,4868ms
[2024-01-12 05:12:13.567 DBG] Credits :: Time to save 5,544ms
[2024-01-12 05:17:13.580 DBG] Credits :: Time to save 5,5316ms
[2024-01-12 05:17:13.580 DBG] FirstWords :: Time to save 5,5908ms
[2024-01-12 05:22:13.596 DBG] FirstWords :: Time to save 5,3996ms
[2024-01-12 05:22:13.596 DBG] Credits :: Time to save 5,4078ms
[2024-01-12 05:27:13.607 DBG] Credits :: Time to save 6,5748ms
[2024-01-12 05:27:13.607 DBG] FirstWords :: Time to save 6,6379ms
[2024-01-12 05:32:13.617 DBG] Credits :: Time to save 5,7947ms
[2024-01-12 05:32:13.617 DBG] FirstWords :: Time to save 5,827ms
[2024-01-12 05:37:13.626 DBG] Credits :: Time to save 6,8394ms
[2024-01-12 05:37:13.626 DBG] FirstWords :: Time to save 6,8391ms
[2024-01-12 05:42:13.649 DBG] FirstWords :: Time to save 7,1716ms
[2024-01-12 05:42:13.649 DBG] Credits :: Time to save 7,1809ms
[2024-01-12 05:47:13.660 DBG] FirstWords :: Time to save 6,8501ms
[2024-01-12 05:47:13.660 DBG] Credits :: Time to save 6,8575ms
[2024-01-12 05:49:09.019 INF] Shutting down...
[2024-01-12 05:49:09.086 INF] Main window unloaded...
[2024-01-12 05:49:09.258 INF] Closing services...
[2024-01-12 05:49:09.266 DBG] ProcessWatcher :: Disposed
[2024-01-12 05:49:09.269 DBG] Events Service :: Shutting down event queue thread
[2024-01-12 05:49:09.269 DBG] Events Service :: Shutting down application event queue thread
[2024-01-12 05:49:09.269 DBG] Events Service :: Shutting down raw event queue thread
[2024-01-12 05:49:09.271 DBG] DonorDrive :: Stopping service
[2024-01-12 05:49:09.271 DBG] MIDI Service :: Stopping service
[2024-01-12 05:49:09.272 DBG] Http Listener :: Channel is not active
[2024-01-12 05:49:09.272 DBG] UDP Listener :: Channel is not active
[2024-01-12 05:49:09.274 DBG] Websocket Client :: Disconnecting from all connected clients
[2024-01-12 05:49:09.275 DBG] Websocket Custom Server :: Stopping all servers
[2024-01-12 05:49:09.275 DBG] MIDI Service :: Shutting down event thread
[2024-01-12 05:49:09.277 DBG] FileWatcherDaemon :: Waiting for file watchers to shut down
[2024-01-12 05:49:09.277 DBG] ActionDispatcher :: Shutting down action queues
[2024-01-12 05:49:09.279 INF] InlineCode :: Cleaning up '0' execute code instances
[2024-01-12 05:49:09.283 DBG] ActionQueue :: Shutting down queue 00000000-0000-0000-0000-000000000000 thread
[2024-01-12 05:49:09.283 DBG] SpeechToText :: Channel was null when trying to stop
[2024-01-12 05:49:09.301 DBG] OBS Service :: Stopping service
[2024-01-12 05:49:09.301 DBG] OBS Service :: Shutting down event thread
[2024-01-12 05:49:09.304 DBG] SLOBS Service :: Stopping service
[2024-01-12 05:49:09.324 DBG] Credits :: Time to save 10,0675ms
[2024-01-12 05:49:09.324 DBG] Actions :: Time to save 9,9164ms
[2024-01-12 05:49:09.324 DBG] FirstWords :: Time to save 9,9723ms
[2024-01-12 05:49:09.325 DBG] Twitch Rewards :: Time to save 10,3661ms
[2024-01-12 05:49:09.325 DBG] Users :: Time to save 10,3158ms
[2024-01-12 05:49:09.325 DBG] Commands :: Time to save 10,4054ms
[2024-01-12 05:49:09.325 DBG] Chat Settings :: Time to save 10,3865ms
[2024-01-12 05:49:09.325 DBG] Midi :: Time to save 10,4418ms
[2024-01-12 05:49:09.325 DBG] Quotes :: Time to save 10,4761ms
[2024-01-12 05:49:09.327 INF] Streamer.bot exited
[2024-01-12 05:49:09.598 DBG] Config :: Time to save 73,6429ms
[2024-01-12 23:11:55.574 INF] Streamer.bot (0.2.2)
[2024-01-12 23:11:55.593 INF] Startup Path: F:\streamerbot
[2024-01-12 23:11:55.593 INF] Startup Args: 
[2024-01-12 23:11:55.593 INF] Logging Level: Debug
[2024-01-12 23:11:55.593 INF] Instance Id: 535937e1-aff0-4893-9158-449da1e9620f
[2024-01-12 23:11:55.593 INF] Instance Name: Streamer.bot
[2024-01-12 23:11:55.593 INF] Operating System: Windows
[2024-01-12 23:11:56.102 DBG] Events Service :: Starting application event queue thread
[2024-01-12 23:11:56.102 DBG] Events Service :: Starting event queue thread
[2024-01-12 23:11:56.103 DBG] Events Service :: Starting raw event queue thread
[2024-01-12 23:11:56.120 DBG] Users :: Loaded 0 users.
[2024-01-12 23:11:56.648 DBG] Actions :: Loaded 1 actions.
[2024-01-12 23:11:56.696 DBG] Actions :: Time to save 44,8116ms
[2024-01-12 23:11:56.703 DBG] Twitch Rewards :: Loaded 0 rewards.
[2024-01-12 23:11:56.711 DBG] Twitch Rewards :: Time to save 6,9117ms
[2024-01-12 23:11:56.917 DBG] Commands :: Loaded 0 commands.
[2024-01-12 23:11:56.926 DBG] MIDI :: Loaded 0 actions.
[2024-01-12 23:11:56.931 DBG] Chat Settings :: Loaded
[2024-01-12 23:11:57.116 DBG] FirstWords :: Performing auto reset of data, 17,379944753 > 12
[2024-01-12 23:11:57.128 DBG] Credits :: Performing auto reset of data, 17,3799482000833 > 12
[2024-01-12 23:11:57.190 DBG] OBS Service :: Starting event thread
[2024-01-12 23:11:57.860 INF] MIDI Service :: Initializing 0 MIDI devices
[2024-01-12 23:11:57.862 DBG] MIDI Service :: Starting event thread
[2024-01-12 23:11:58.822 DBG] Splash screen opened
[2024-01-12 23:11:58.917 DBG] ProcessWatcher :: Initialising
[2024-01-12 23:11:58.917 DBG] Actions :: Loaded 1 actions.
[2024-01-12 23:11:59.187 DBG] ActionQueue :: Starting queue 00000000-0000-0000-0000-000000000000 thread
[2024-01-12 23:11:59.190 DBG] Quotes :: Loaded 0 quotes.
[2024-01-12 23:11:59.733 DBG] Websocket Client :: Auto connecting to clients
[2024-01-12 23:11:59.734 DBG] Websocket Custom Server :: Auto starting servers
[2024-01-12 23:11:59.757 INF] Hot Key Service :: Registering 0 hot key
[2024-01-12 23:12:00.739 DBG] Splash screen closed
[2024-01-12 23:14:52.271 INF] Connecting to Streamlabs
[2024-01-12 23:14:52.274 INF] Connecting to Streamlabs
[2024-01-12 23:14:52.277 DBG] Streamlabs Socket :: Opening connection
[2024-01-12 23:15:07.926 INF] Connecting to StreamElements
[2024-01-12 23:15:07.928 INF] Connecting to StreamElements
[2024-01-12 23:15:12.220 DBG] StreamElements Socket :: Opening connection
[2024-01-12 23:15:13.070 INF] Connected to StreamElements
[2024-01-12 23:15:36.329 DBG] Config :: Time to save 46,4293ms
[2024-01-12 23:15:37.899 DBG] Streamlabs Socket :: Disconnected
[2024-01-12 23:15:37.900 INF] Disconnected from Streamlabs
[2024-01-12 23:16:57.130 DBG] FirstWords :: Time to save 1,4868ms
[2024-01-12 23:16:57.146 DBG] Credits :: Time to save 5,2533ms
[2024-01-12 23:17:03.980 INF] TwitchService :: Logging into broadcaster account
[2024-01-12 23:17:04.292 INF] TwitchService :: Broadcaster account (quarryck) authenticated
[2024-01-12 23:17:04.297 DBG] Twitch Service :: Initializing Third Party Emote Handlers
[2024-01-12 23:17:04.298 DBG] Twitch Service :: Init rest
[2024-01-12 23:17:04.302 INF] 7TV :: Initializing user '72083925', on twitch
[2024-01-12 23:17:04.312 INF] BTTV :: Initializing user '72083925', on twitch
[2024-01-12 23:17:04.313 INF] BetterTTV.Socket :: Connecting to BTTV WebSocket, monitoring for changes for user '72083925' on twitch
[2024-01-12 23:17:04.321 INF] FFZ :: Initializing user 'quarryck' (72083925), on twitch
[2024-01-12 23:17:04.412 INF] 7TV :: Loaded 40 global emotes
[2024-01-12 23:17:04.415 INF] BTTV :: Loaded 63 global emotes
[2024-01-12 23:17:04.553 INF] FFZ :: Loaded 14 global emotes
[2024-01-12 23:17:04.642 INF] BTTV :: Loaded 14 channel emotes
[2024-01-12 23:17:04.702 WRN] FFZ :: Room not found, user does not have channel emotes configured.
[2024-01-12 23:17:04.702 INF] FFZ :: Loaded 0 channel emotes
[2024-01-12 23:17:04.725 DBG] Twitch Service :: Loaded 35 Twitch cheer emotes
[2024-01-12 23:17:04.947 DBG] Config :: Time to save 1,8459ms
[2024-01-12 23:17:05.011 INF] BTTV :: WebSocket Connected
[2024-01-12 23:17:05.155 DBG] Twitch Service :: Loaded 115 Twitch badges
[2024-01-12 23:17:05.278 INF] 7TV :: Loaded 84 channel emotes
[2024-01-12 23:17:05.284 INF] 7TV EventStream :: Connecting to 7TV EventStream, monitoring for changes on emote set 60f4b177e57bec0216597bd5
[2024-01-12 23:17:05.855 INF] 7TV EventStream :: Connected to 7TV EventStream
[2024-01-12 23:17:05.856 INF] 7TV :: EventStream Connected
[2024-01-12 23:17:06.474 DBG] Getting viewers for channel "quarryck" (12)
[2024-01-12 23:17:06.476 DBG] Twitch Service :: Fetched viewers for channel (12)
[2024-01-12 23:17:06.479 DBG] Twitch Service :: (12) - Existing: 1, New Users: 11 (2,6831ms)
[2024-01-12 23:17:06.484 DBG] Twitch Service :: Added 11 new viewers
[2024-01-12 23:17:06.484 DBG] Twitch Service :: Viewers init in 626,3448ms
[2024-01-12 23:17:06.486 DBG] Twitch Service :: Loading editors for channel quarryck
[2024-01-12 23:17:06.690 DBG] Twitch Service :: Found 0 editors for channel quarryck
[2024-01-12 23:17:06.914 INF] Twitch Service :: Found 9 Moderators for the channel quarryck
[2024-01-12 23:17:07.129 INF] Twitch Service :: Found 18 VIPs for the channel quarryck
[2024-01-12 23:17:07.131 DBG] ViewerRepo :: Time to update mods and VIPs, 0,3886ms (nm: 8, em: 1, nv: 18, ev: 0, ru: 0)
[2024-01-12 23:17:07.131 DBG] Twitch Service :: Time to update/add mods and vips for the channel quarryck, 438,1497ms
[2024-01-12 23:17:07.133 DBG] Twitch Service :: Loading subscribers for quarryck
[2024-01-12 23:17:07.646 DBG] Twitch Service :: "quarryck" has 76 subscriptions.
[2024-01-12 23:17:07.656 DBG] Twitch Service :: Subscribed Viewers :: Added 60 new viewers
[2024-01-12 23:17:07.657 INF] TwitchService :: Connecting to Broadcaster Chat Client
[2024-01-12 23:17:07.662 INF] TwitchService :: Connecting to Broadcaster PubSub
[2024-01-12 23:17:07.668 DBG] Twitch PubSub :: Opening connection
[2024-01-12 23:17:07.669 DBG] Twitch PubSub :: Clearing listening topics.
[2024-01-12 23:17:07.671 INF] TwitchService :: Connecting to Broadcaster EventSub
[2024-01-12 23:17:07.676 DBG] Twitch EventSub :: Opening connection
[2024-01-12 23:17:07.806 ERR] Twitch EventSub :: Socket error (An error has occurred while connecting.)
[2024-01-12 23:17:07.808 DBG] Twitch EventSub :: Disconnected
[2024-01-12 23:17:07.809 INF] TwitchService :: Disconnected from Broadcaster EventSub
[2024-01-12 23:17:07.865 DBG] Twitch (Broadcaster) :: Opening connection
[2024-01-12 23:17:08.440 DBG] Twitch PubSub :: Socket opened
[2024-01-12 23:17:08.442 DBG] Twitch PubSub :: Sending 9 topics for listening
[2024-01-12 23:17:08.565 DBG] Twitch (Broadcaster) :: Twitch Client Socket opened
[2024-01-12 23:17:08.963 DBG] Twitch (Broadcaster) :: Listening and Authenticated
[2024-01-12 23:17:08.967 DBG] Twitch (Broadcaster) :: Joining chanel #quarryck
[2024-01-12 23:17:08.969 INF] TwitchService :: Connected to Broadcaster Chat Client
[2024-01-12 23:17:09.049 INF] TwitchService :: Connected to Broadcaster PubSub, and authenticated
[2024-01-12 23:17:09.258 DBG] Twitch Service :: 1 users joined, existing (1), new (0)
[2024-01-12 23:17:09.645 ERR] Twitch (Broadcaster) :: 13 duplicate emotes; R), ;P, :P, ;), :/, <3, :O, B), O_o, :|, >(, :D, :(
[2024-01-12 23:17:09.822 DBG] TwitchService :: Retrying broadcaster EventSub connection
[2024-01-12 23:17:09.822 INF] TwitchService :: Connecting to Broadcaster EventSub
[2024-01-12 23:17:09.822 DBG] Twitch EventSub :: Opening connection
[2024-01-12 23:17:09.926 ERR] Twitch EventSub :: Socket error (An error has occurred while connecting.)
[2024-01-12 23:17:09.926 DBG] Twitch EventSub :: Disconnected
[2024-01-12 23:17:09.926 INF] TwitchService :: Disconnected from Broadcaster EventSub
[2024-01-12 23:17:10.503 INF] TwitchService :: Logging into bot account
[2024-01-12 23:17:10.761 INF] TwitchService :: Bot account (quarryck) authenticated
[2024-01-12 23:17:10.763 INF] TwitchService :: Connecting to Bot Chat Client
[2024-01-12 23:17:10.958 DBG] Twitch (Bot) :: Opening connection
[2024-01-12 23:17:11.530 DBG] Twitch (Bot) :: Twitch Client Socket opened
[2024-01-12 23:17:11.935 DBG] Twitch (Bot) :: Listening and Authenticated
[2024-01-12 23:17:11.936 DBG] Twitch (Bot) :: Joining chanel #quarryck
[2024-01-12 23:17:11.936 INF] TwitchService :: Connected to Bot Chat Client
[2024-01-12 23:17:12.805 ERR] Twitch (Bot) :: 13 duplicate emotes; R), ;P, :P, ;), :/, <3, :O, B), O_o, :|, >(, :D, :(
[2024-01-12 23:17:13.939 DBG] TwitchService :: Retrying broadcaster EventSub connection
[2024-01-12 23:17:13.939 INF] TwitchService :: Connecting to Broadcaster EventSub
[2024-01-12 23:17:13.939 DBG] Twitch EventSub :: Opening connection
[2024-01-12 23:17:14.040 ERR] Twitch EventSub :: Socket error (An error has occurred while connecting.)
[2024-01-12 23:17:14.041 DBG] Twitch EventSub :: Disconnected
[2024-01-12 23:17:14.041 INF] TwitchService :: Disconnected from Broadcaster EventSub
[2024-01-12 23:17:22.052 DBG] TwitchService :: Retrying broadcaster EventSub connection
[2024-01-12 23:17:22.052 INF] TwitchService :: Connecting to Broadcaster EventSub
[2024-01-12 23:17:22.052 DBG] Twitch EventSub :: Opening connection
[2024-01-12 23:17:22.201 DBG] Twitch EventSub :: Subscribing to 39 events
[2024-01-12 23:17:34.789 DBG] Twitch Service :: 10 users joined, existing (10), new (0)
[2024-01-12 23:17:36.758 INF] TwitchService :: Connected to Broadcaster EventSub, and authenticated
[2024-01-12 23:18:08.776 DBG] Presence Timer :: Artificially updated presence with a threshold of 5 minutes (203,7865ms)
[2024-01-12 23:19:08.782 DBG] Presence Timer :: Artificially updated presence with a threshold of 5 minutes (209,8332ms)
[2024-01-12 23:19:45.873 DBG] Twitch Service :: 1 users joined, existing (1), new (0)
[2024-01-12 23:20:08.815 DBG] Presence Timer :: Artificially updated presence with a threshold of 5 minutes (232,9129ms)
[2024-01-12 23:21:08.820 DBG] Presence Timer :: Artificially updated presence with a threshold of 5 minutes (213,0259ms)
[2024-01-12 23:21:57.141 DBG] FirstWords :: Time to save 6,468ms
[2024-01-12 23:21:57.155 DBG] Credits :: Time to save 4,9727ms
[2024-01-12 23:22:08.800 DBG] Presence Timer :: Artificially updated presence with a threshold of 5 minutes (192,3599ms)
[2024-01-12 23:23:08.824 DBG] Presence Timer :: Artificially updated presence with a threshold of 5 minutes (208,861ms)
[2024-01-12 23:24:08.843 DBG] Presence Timer :: Artificially updated presence with a threshold of 5 minutes (204,3184ms)
[2024-01-12 23:25:08.841 DBG] Presence Timer :: Artificially updated presence with a threshold of 5 minutes (196,5551ms)
[2024-01-12 23:26:08.849 DBG] Presence Timer :: Artificially updated presence with a threshold of 5 minutes (198,6034ms)
[2024-01-12 23:26:57.148 DBG] FirstWords :: Time to save 7,2021ms
[2024-01-12 23:26:57.162 DBG] Credits :: Time to save 5,9151ms
[2024-01-12 23:27:08.870 DBG] Presence Timer :: Artificially updated presence with a threshold of 5 minutes (206,1225ms)
[2024-01-12 23:28:08.883 DBG] Presence Timer :: Artificially updated presence with a threshold of 5 minutes (199,2939ms)
[2024-01-12 23:29:08.898 DBG] Presence Timer :: Artificially updated presence with a threshold of 5 minutes (201,2617ms)
[2024-01-12 23:30:08.933 DBG] Presence Timer :: Artificially updated presence with a threshold of 5 minutes (230,0326ms)
[2024-01-12 23:31:08.927 DBG] Presence Timer :: Artificially updated presence with a threshold of 5 minutes (198,7948ms)
[2024-01-12 23:31:57.155 DBG] FirstWords :: Time to save 6,6476ms
[2024-01-12 23:31:57.170 DBG] Credits :: Time to save 4,7114ms
[2024-01-12 23:32:08.939 DBG] Presence Timer :: Artificially updated presence with a threshold of 5 minutes (194,5593ms)
[2024-01-12 23:33:08.954 DBG] Presence Timer :: Artificially updated presence with a threshold of 5 minutes (208,9381ms)
[2024-01-12 23:34:08.953 DBG] Presence Timer :: Artificially updated presence with a threshold of 5 minutes (199,2358ms)
[2024-01-12 23:35:08.953 DBG] Presence Timer :: Artificially updated presence with a threshold of 5 minutes (197,4852ms)
[2024-01-12 23:36:08.974 DBG] Presence Timer :: Artificially updated presence with a threshold of 5 minutes (208,6933ms)
[2024-01-12 23:36:57.172 DBG] Credits :: Time to save 6,9492ms
[2024-01-12 23:36:57.172 DBG] FirstWords :: Time to save 6,9463ms
[2024-01-12 23:37:08.976 DBG] Presence Timer :: Artificially updated presence with a threshold of 5 minutes (202,8123ms)
[2024-01-12 23:38:08.988 DBG] Presence Timer :: Artificially updated presence with a threshold of 5 minutes (199,8984ms)
[2024-01-12 23:39:09.007 DBG] Presence Timer :: Artificially updated presence with a threshold of 5 minutes (204,7482ms)
[2024-01-12 23:40:09.005 DBG] Presence Timer :: Artificially updated presence with a threshold of 5 minutes (195,8231ms)
[2024-01-12 23:41:09.024 DBG] Presence Timer :: Artificially updated presence with a threshold of 5 minutes (199,9103ms)
[2024-01-12 23:41:57.183 DBG] FirstWords :: Time to save 7,5378ms
[2024-01-12 23:41:57.183 DBG] Credits :: Time to save 7,5974ms
[2024-01-12 23:42:09.044 DBG] Presence Timer :: Artificially updated presence with a threshold of 5 minutes (216,5988ms)
[2024-01-12 23:43:09.032 DBG] Presence Timer :: Artificially updated presence with a threshold of 5 minutes (191,5484ms)
[2024-01-12 23:44:09.051 DBG] Presence Timer :: Artificially updated presence with a threshold of 5 minutes (201,7304ms)
[2024-01-12 23:45:09.074 DBG] Presence Timer :: Artificially updated presence with a threshold of 5 minutes (209,3083ms)
[2024-01-12 23:46:09.072 DBG] Presence Timer :: Artificially updated presence with a threshold of 5 minutes (204,5961ms)
[2024-01-12 23:46:57.188 DBG] FirstWords :: Time to save 7,6492ms
[2024-01-12 23:46:57.188 DBG] Credits :: Time to save 7,642ms
[2024-01-12 23:47:09.072 DBG] Presence Timer :: Artificially updated presence with a threshold of 5 minutes (193,9585ms)
[2024-01-12 23:48:09.081 DBG] Presence Timer :: Artificially updated presence with a threshold of 5 minutes (201,8611ms)
[2024-01-12 23:49:09.094 DBG] Presence Timer :: Artificially updated presence with a threshold of 5 minutes (214,1627ms)
[2024-01-12 23:50:09.106 DBG] Presence Timer :: Artificially updated presence with a threshold of 5 minutes (220,9802ms)
[2024-01-12 23:51:09.096 DBG] Presence Timer :: Artificially updated presence with a threshold of 5 minutes (202,0059ms)
[2024-01-12 23:51:57.201 DBG] FirstWords :: Time to save 7,4895ms
[2024-01-12 23:51:57.201 DBG] Credits :: Time to save 7,4951ms
[2024-01-12 23:52:09.100 DBG] Presence Timer :: Artificially updated presence with a threshold of 5 minutes (201,0119ms)
[2024-01-12 23:53:09.117 DBG] Presence Timer :: Artificially updated presence with a threshold of 5 minutes (204,5688ms)
[2024-01-12 23:54:09.128 DBG] Presence Timer :: Artificially updated presence with a threshold of 5 minutes (204,67ms)
[2024-01-12 23:55:09.146 DBG] Presence Timer :: Artificially updated presence with a threshold of 5 minutes (206,7382ms)
[2024-01-12 23:56:09.133 DBG] Presence Timer :: Artificially updated presence with a threshold of 5 minutes (192,801ms)
[2024-01-12 23:56:57.209 DBG] Credits :: Time to save 6,4746ms
[2024-01-12 23:56:57.209 DBG] FirstWords :: Time to save 6,4746ms
[2024-01-12 23:57:09.164 DBG] Presence Timer :: Artificially updated presence with a threshold of 5 minutes (208,3963ms)
[2024-01-12 23:58:09.159 DBG] Presence Timer :: Artificially updated presence with a threshold of 5 minutes (198,707ms)
[2024-01-12 23:59:09.165 DBG] Presence Timer :: Artificially updated presence with a threshold of 5 minutes (196,0298ms)
