[2024-01-11 11:32:10.261 INF] Streamer.bot (0.2.2)
[2024-01-11 11:32:10.280 INF] Startup Path: F:\streamerbot
[2024-01-11 11:32:10.280 INF] Startup Args: 
[2024-01-11 11:32:10.280 INF] Logging Level: Debug
[2024-01-11 11:32:10.280 INF] Instance Id: 535937e1-aff0-4893-9158-449da1e9620f
[2024-01-11 11:32:10.280 INF] Instance Name: Streamer.bot
[2024-01-11 11:32:10.280 INF] Operating System: Windows
[2024-01-11 11:32:10.535 DBG] Events Service :: Starting event queue thread
[2024-01-11 11:32:10.536 DBG] Events Service :: Starting application event queue thread
[2024-01-11 11:32:10.537 DBG] Events Service :: Starting raw event queue thread
[2024-01-11 11:32:10.635 DBG] Users :: Time to save 102,4113ms
[2024-01-11 11:32:10.646 DBG] Twitch Rewards :: Time to save 4,9777ms
[2024-01-11 11:32:10.862 DBG] Globals :: Performing DB upgrade, please be patient, this could take a while if you heavily use global variables.
[2024-01-11 11:32:10.873 DBG] Globals :: DB Upgrade performed in 12,3299ms
[2024-01-11 11:32:10.896 ERR] Global :: Duplicate userId and variable names found (1) in the User Global data, attempting to fix.
[2024-01-11 11:32:10.901 ERR] Global :: Duplicate userId and variable names cleaned up, 0 records deleted in the User Global data.
[2024-01-11 11:32:11.033 DBG] Commands :: Time to save 4,3074ms
[2024-01-11 11:32:11.045 DBG] Midi :: Time to save 5,3105ms
[2024-01-11 11:32:11.051 DBG] Chat Settings :: Time to save 3,6537ms
[2024-01-11 11:32:11.593 DBG] OBS Service :: Starting event thread
[2024-01-11 11:32:12.349 INF] MIDI Service :: Initializing 0 MIDI devices
[2024-01-11 11:32:12.351 DBG] MIDI Service :: Starting event thread
[2024-01-11 11:32:13.386 DBG] Splash screen opened
[2024-01-11 11:32:13.502 DBG] ProcessWatcher :: Initialising
[2024-01-11 11:32:13.532 DBG] Actions :: Time to save 8,281ms
[2024-01-11 11:32:13.657 DBG] ActionQueue :: Starting queue 00000000-0000-0000-0000-000000000000 thread
[2024-01-11 11:32:13.662 DBG] Quotes :: Time to save 3,0815ms
[2024-01-11 11:32:14.232 DBG] Websocket Client :: Auto connecting to clients
[2024-01-11 11:32:14.234 DBG] Websocket Custom Server :: Auto starting servers
[2024-01-11 11:32:14.259 INF] Hot Key Service :: Registering 0 hot key
[2024-01-11 11:32:15.241 DBG] Splash screen closed
[2024-01-11 11:34:24.366 DBG] Actions :: Time to save 18,5138ms
[2024-01-11 11:37:11.535 DBG] FirstWords :: Time to save 3,5098ms
[2024-01-11 11:37:11.542 DBG] Credits :: Time to save 9,1975ms
[2024-01-11 11:42:11.556 DBG] Credits :: Time to save 7,947ms
[2024-01-11 11:42:11.556 DBG] FirstWords :: Time to save 7,9612ms
[2024-01-11 11:47:11.559 DBG] Credits :: Time to save 7,1117ms
[2024-01-11 11:47:11.559 DBG] FirstWords :: Time to save 7,1862ms
[2024-01-11 11:52:11.559 DBG] Credits :: Time to save 7,6356ms
[2024-01-11 11:52:11.559 DBG] FirstWords :: Time to save 7,6565ms
[2024-01-11 11:57:11.566 DBG] FirstWords :: Time to save 8,9891ms
[2024-01-11 11:57:11.566 DBG] Credits :: Time to save 8,9902ms
[2024-01-11 12:02:11.567 DBG] Credits :: Time to save 7,0765ms
[2024-01-11 12:02:11.567 DBG] FirstWords :: Time to save 7,1464ms
[2024-01-11 12:03:32.366 DBG] Actions :: Time to save 14,4112ms
[2024-01-11 12:03:32.373 DBG] Actions :: Time to save 7,1187ms
[2024-01-11 12:04:08.576 DBG] Actions :: Time to save 8,1429ms
[2024-01-11 12:07:11.574 DBG] FirstWords :: Time to save 7,2728ms
[2024-01-11 12:07:11.574 DBG] Credits :: Time to save 7,2688ms
[2024-01-11 12:12:11.590 DBG] Credits :: Time to save 7,3973ms
[2024-01-11 12:12:11.590 DBG] FirstWords :: Time to save 7,4738ms
[2024-01-11 12:17:11.602 DBG] Credits :: Time to save 6,5754ms
[2024-01-11 12:17:11.602 DBG] FirstWords :: Time to save 6,4469ms
[2024-01-11 12:22:11.611 DBG] Credits :: Time to save 5,9059ms
[2024-01-11 12:22:11.611 DBG] FirstWords :: Time to save 5,9385ms
[2024-01-11 12:27:11.621 DBG] FirstWords :: Time to save 5,9833ms
[2024-01-11 12:27:11.621 DBG] Credits :: Time to save 6,0114ms
[2024-01-11 12:32:11.628 DBG] FirstWords :: Time to save 7,2207ms
[2024-01-11 12:32:11.628 DBG] Credits :: Time to save 7,2139ms
[2024-01-11 12:37:11.641 DBG] FirstWords :: Time to save 6,7267ms
[2024-01-11 12:37:11.641 DBG] Credits :: Time to save 6,7684ms
[2024-01-11 12:42:11.656 DBG] Credits :: Time to save 6,6127ms
[2024-01-11 12:42:11.656 DBG] FirstWords :: Time to save 6,6785ms
[2024-01-11 12:47:11.657 DBG] Credits :: Time to save 6,3192ms
[2024-01-11 12:47:11.657 DBG] FirstWords :: Time to save 6,4109ms
[2024-01-11 12:52:11.682 DBG] FirstWords :: Time to save 6,5768ms
[2024-01-11 12:52:11.682 DBG] Credits :: Time to save 6,5806ms
[2024-01-11 12:57:11.697 DBG] FirstWords :: Time to save 7,1722ms
[2024-01-11 12:57:11.697 DBG] Credits :: Time to save 7,1659ms
[2024-01-11 13:02:11.698 DBG] FirstWords :: Time to save 7,0201ms
[2024-01-11 13:02:11.698 DBG] Credits :: Time to save 7,101ms
[2024-01-11 13:07:11.705 DBG] FirstWords :: Time to save 7,0012ms
[2024-01-11 13:07:11.705 DBG] Credits :: Time to save 7,0307ms
[2024-01-11 13:12:11.728 DBG] FirstWords :: Time to save 6,2575ms
[2024-01-11 13:12:11.728 DBG] Credits :: Time to save 6,2761ms
[2024-01-11 13:17:11.734 DBG] FirstWords :: Time to save 7,2359ms
[2024-01-11 13:17:11.734 DBG] Credits :: Time to save 7,2739ms
[2024-01-11 13:22:11.750 DBG] FirstWords :: Time to save 7,4414ms
[2024-01-11 13:22:11.750 DBG] Credits :: Time to save 7,5035ms
[2024-01-11 13:27:11.752 DBG] Credits :: Time to save 7,2284ms
[2024-01-11 13:27:11.752 DBG] FirstWords :: Time to save 7,2204ms
[2024-01-11 13:32:11.767 DBG] Credits :: Time to save 7,1682ms
[2024-01-11 13:32:11.767 DBG] FirstWords :: Time to save 7,1301ms
[2024-01-11 13:37:11.770 DBG] FirstWords :: Time to save 5,5372ms
[2024-01-11 13:37:11.770 DBG] Credits :: Time to save 5,5694ms
[2024-01-11 13:42:11.792 DBG] Credits :: Time to save 8,3989ms
[2024-01-11 13:42:11.792 DBG] FirstWords :: Time to save 8,38ms
[2024-01-11 13:47:11.807 DBG] FirstWords :: Time to save 6,5704ms
[2024-01-11 13:47:11.807 DBG] Credits :: Time to save 6,5607ms
[2024-01-11 13:52:11.815 DBG] Credits :: Time to save 8,4358ms
[2024-01-11 13:52:11.815 DBG] FirstWords :: Time to save 8,4401ms
[2024-01-11 13:57:11.814 DBG] Credits :: Time to save 7,1203ms
[2024-01-11 13:57:11.814 DBG] FirstWords :: Time to save 7,153ms
[2024-01-11 14:02:11.831 DBG] FirstWords :: Time to save 8,0041ms
[2024-01-11 14:02:11.831 DBG] Credits :: Time to save 8,4541ms
[2024-01-11 14:07:11.843 DBG] Credits :: Time to save 6,2907ms
[2024-01-11 14:07:11.843 DBG] FirstWords :: Time to save 6,5823ms
[2024-01-11 14:12:11.859 DBG] FirstWords :: Time to save 7,286ms
[2024-01-11 14:12:11.859 DBG] Credits :: Time to save 7,2788ms
[2024-01-11 14:17:11.861 DBG] FirstWords :: Time to save 6,621ms
[2024-01-11 14:17:11.861 DBG] Credits :: Time to save 6,6311ms
[2024-01-11 14:22:11.865 DBG] Credits :: Time to save 6,9223ms
[2024-01-11 14:22:11.865 DBG] FirstWords :: Time to save 6,9766ms
[2024-01-11 14:27:11.877 DBG] Credits :: Time to save 6,3348ms
[2024-01-11 14:27:11.877 DBG] FirstWords :: Time to save 6,3273ms
[2024-01-11 14:32:11.904 DBG] Credits :: Time to save 18,0653ms
[2024-01-11 14:32:11.905 DBG] FirstWords :: Time to save 17,8238ms
[2024-01-11 14:37:11.919 DBG] Credits :: Time to save 19,8353ms
[2024-01-11 14:37:11.946 DBG] FirstWords :: Time to save 47,3108ms
[2024-01-11 14:42:11.964 DBG] Credits :: Time to save 63,9416ms
[2024-01-11 14:42:11.965 DBG] FirstWords :: Time to save 65,6479ms
[2024-01-11 14:47:11.916 DBG] FirstWords :: Time to save 14,9036ms
[2024-01-11 14:47:11.971 DBG] Credits :: Time to save 69,7618ms
[2024-01-11 14:52:11.930 DBG] FirstWords :: Time to save 20,9054ms
[2024-01-11 14:52:11.932 DBG] Credits :: Time to save 22,177ms
[2024-01-11 14:57:11.953 DBG] Credits :: Time to save 27,3397ms
[2024-01-11 14:57:11.953 DBG] FirstWords :: Time to save 26,9189ms
[2024-01-11 15:02:11.954 DBG] FirstWords :: Time to save 15,7877ms
[2024-01-11 15:02:11.961 DBG] Credits :: Time to save 22,7886ms
[2024-01-11 15:07:11.966 DBG] FirstWords :: Time to save 18,4313ms
[2024-01-11 15:07:12.017 DBG] Credits :: Time to save 69,4144ms
[2024-01-11 15:12:12.018 DBG] Credits :: Time to save 67,4436ms
[2024-01-11 15:12:12.032 DBG] FirstWords :: Time to save 80,4672ms
[2024-01-11 15:17:11.986 DBG] FirstWords :: Time to save 20,0189ms
[2024-01-11 15:17:11.986 DBG] Credits :: Time to save 20,9668ms
[2024-01-11 15:22:12.010 DBG] FirstWords :: Time to save 35,7578ms
[2024-01-11 15:22:12.024 DBG] Credits :: Time to save 49,5696ms
[2024-01-11 15:27:12.103 DBG] FirstWords :: Time to save 112,5292ms
[2024-01-11 15:27:12.178 DBG] Credits :: Time to save 189,1885ms
[2024-01-11 15:32:12.011 DBG] FirstWords :: Time to save 11,3084ms
[2024-01-11 15:32:12.011 DBG] Credits :: Time to save 11,3222ms
[2024-01-11 15:37:12.036 DBG] FirstWords :: Time to save 18,0002ms
[2024-01-11 15:37:12.045 DBG] Credits :: Time to save 26,7101ms
[2024-01-11 15:42:12.035 DBG] FirstWords :: Time to save 6,7462ms
[2024-01-11 15:42:12.035 DBG] Credits :: Time to save 6,7771ms
[2024-01-11 15:47:12.046 DBG] Credits :: Time to save 9,8903ms
[2024-01-11 15:47:12.046 DBG] FirstWords :: Time to save 9,8903ms
[2024-01-11 15:52:12.045 DBG] Credits :: Time to save 5,4968ms
[2024-01-11 15:52:12.045 DBG] FirstWords :: Time to save 5,5605ms
[2024-01-11 15:57:12.050 DBG] Credits :: Time to save 5,4306ms
[2024-01-11 15:57:12.050 DBG] FirstWords :: Time to save 5,6337ms
[2024-01-11 16:02:12.061 DBG] Credits :: Time to save 5,7129ms
[2024-01-11 16:02:12.061 DBG] FirstWords :: Time to save 5,7698ms
[2024-01-11 16:07:12.108 DBG] Credits :: Time to save 50,2708ms
[2024-01-11 16:07:12.154 DBG] FirstWords :: Time to save 96,1064ms
[2024-01-11 16:12:12.064 DBG] FirstWords :: Time to save 5,6816ms
[2024-01-11 16:12:12.064 DBG] Credits :: Time to save 5,6991ms
[2024-01-11 16:17:12.067 DBG] FirstWords :: Time to save 7,0734ms
[2024-01-11 16:17:12.067 DBG] Credits :: Time to save 7,0814ms
[2024-01-11 16:22:12.084 DBG] FirstWords :: Time to save 5,7591ms
[2024-01-11 16:22:12.084 DBG] Credits :: Time to save 5,7899ms
[2024-01-11 16:27:12.091 DBG] FirstWords :: Time to save 7,4146ms
[2024-01-11 16:27:12.091 DBG] Credits :: Time to save 7,4404ms
[2024-01-11 16:32:12.103 DBG] FirstWords :: Time to save 5,9048ms
[2024-01-11 16:32:12.103 DBG] Credits :: Time to save 5,889ms
[2024-01-11 16:37:12.116 DBG] FirstWords :: Time to save 6,0913ms
[2024-01-11 16:37:12.116 DBG] Credits :: Time to save 6,275ms
[2024-01-11 16:42:12.124 DBG] Credits :: Time to save 6,6348ms
[2024-01-11 16:42:12.124 DBG] FirstWords :: Time to save 6,6891ms
[2024-01-11 16:47:12.139 DBG] FirstWords :: Time to save 8,3466ms
[2024-01-11 16:47:12.139 DBG] Credits :: Time to save 8,3473ms
[2024-01-11 16:52:12.142 DBG] Credits :: Time to save 6,8503ms
[2024-01-11 16:52:12.142 DBG] FirstWords :: Time to save 6,8425ms
[2024-01-11 16:57:12.158 DBG] FirstWords :: Time to save 7,0718ms
[2024-01-11 16:57:12.158 DBG] Credits :: Time to save 7,1035ms
[2024-01-11 17:02:12.171 DBG] FirstWords :: Time to save 6,7832ms
[2024-01-11 17:02:12.171 DBG] Credits :: Time to save 6,8383ms
[2024-01-11 17:07:12.179 DBG] FirstWords :: Time to save 7,2012ms
[2024-01-11 17:07:12.179 DBG] Credits :: Time to save 7,2191ms
[2024-01-11 17:12:12.181 DBG] FirstWords :: Time to save 5,3957ms
[2024-01-11 17:12:12.181 DBG] Credits :: Time to save 5,4624ms
[2024-01-11 17:17:12.187 DBG] Credits :: Time to save 5,7279ms
[2024-01-11 17:17:12.187 DBG] FirstWords :: Time to save 5,8477ms
[2024-01-11 17:22:12.190 DBG] FirstWords :: Time to save 5,5189ms
[2024-01-11 17:22:12.190 DBG] Credits :: Time to save 5,5322ms
[2024-01-11 17:27:12.199 DBG] FirstWords :: Time to save 5,6637ms
[2024-01-11 17:27:12.199 DBG] Credits :: Time to save 5,7397ms
[2024-01-11 17:32:12.210 DBG] FirstWords :: Time to save 5,5716ms
[2024-01-11 17:32:12.210 DBG] Credits :: Time to save 5,6061ms
[2024-01-11 17:37:12.217 DBG] FirstWords :: Time to save 5,598ms
[2024-01-11 17:37:12.217 DBG] Credits :: Time to save 5,6584ms
[2024-01-11 17:42:12.230 DBG] FirstWords :: Time to save 5,5802ms
[2024-01-11 17:42:12.230 DBG] Credits :: Time to save 5,6127ms
[2024-01-11 17:47:12.233 DBG] FirstWords :: Time to save 5,574ms
[2024-01-11 17:47:12.233 DBG] Credits :: Time to save 5,6165ms
[2024-01-11 17:52:12.238 DBG] FirstWords :: Time to save 5,7335ms
[2024-01-11 17:52:12.238 DBG] Credits :: Time to save 5,7432ms
[2024-01-11 17:57:12.246 DBG] FirstWords :: Time to save 5,4784ms
[2024-01-11 17:57:12.246 DBG] Credits :: Time to save 5,4666ms
[2024-01-11 18:02:12.259 DBG] Credits :: Time to save 5,6136ms
[2024-01-11 18:02:12.259 DBG] FirstWords :: Time to save 5,6921ms
[2024-01-11 18:07:12.274 DBG] FirstWords :: Time to save 5,5743ms
[2024-01-11 18:07:12.274 DBG] Credits :: Time to save 5,7673ms
[2024-01-11 18:12:12.277 DBG] FirstWords :: Time to save 5,6691ms
[2024-01-11 18:12:12.277 DBG] Credits :: Time to save 5,668ms
[2024-01-11 18:17:12.284 DBG] Credits :: Time to save 7,0775ms
[2024-01-11 18:17:12.284 DBG] FirstWords :: Time to save 7,0652ms
[2024-01-11 18:22:12.294 DBG] FirstWords :: Time to save 5,4647ms
[2024-01-11 18:22:12.294 DBG] Credits :: Time to save 5,454ms
[2024-01-11 18:27:12.326 DBG] FirstWords :: Time to save 10,0273ms
[2024-01-11 18:27:12.326 DBG] Credits :: Time to save 10,0282ms
[2024-01-11 18:32:12.336 DBG] Credits :: Time to save 7,2095ms
[2024-01-11 18:32:12.336 DBG] FirstWords :: Time to save 7,1791ms
[2024-01-11 18:37:12.341 DBG] Credits :: Time to save 5,5975ms
[2024-01-11 18:37:12.341 DBG] FirstWords :: Time to save 5,5942ms
[2024-01-11 18:42:12.344 DBG] FirstWords :: Time to save 6,7425ms
[2024-01-11 18:42:12.344 DBG] Credits :: Time to save 6,7329ms
[2024-01-11 18:47:12.351 DBG] FirstWords :: Time to save 6,7134ms
[2024-01-11 18:47:12.351 DBG] Credits :: Time to save 6,8033ms
[2024-01-11 18:52:12.357 DBG] Credits :: Time to save 5,2855ms
[2024-01-11 18:52:12.357 DBG] FirstWords :: Time to save 5,3895ms
[2024-01-11 18:57:12.385 DBG] FirstWords :: Time to save 6,8779ms
[2024-01-11 18:57:12.385 DBG] Credits :: Time to save 6,9024ms
[2024-01-11 19:02:12.394 DBG] Credits :: Time to save 7,0722ms
[2024-01-11 19:02:12.394 DBG] FirstWords :: Time to save 7,0726ms
[2024-01-11 19:07:12.398 DBG] FirstWords :: Time to save 6,9385ms
[2024-01-11 19:07:12.398 DBG] Credits :: Time to save 7,0202ms
[2024-01-11 19:12:12.405 DBG] Credits :: Time to save 6,613ms
[2024-01-11 19:12:12.405 DBG] FirstWords :: Time to save 6,6958ms
[2024-01-11 19:17:12.412 DBG] FirstWords :: Time to save 6,8013ms
[2024-01-11 19:17:12.412 DBG] Credits :: Time to save 6,7826ms
[2024-01-11 19:22:12.413 DBG] FirstWords :: Time to save 7,3868ms
[2024-01-11 19:22:12.413 DBG] Credits :: Time to save 7,3919ms
[2024-01-11 19:27:12.419 DBG] Credits :: Time to save 5,8705ms
[2024-01-11 19:27:12.419 DBG] FirstWords :: Time to save 5,8932ms
[2024-01-11 19:32:12.422 DBG] Credits :: Time to save 5,675ms
[2024-01-11 19:32:12.422 DBG] FirstWords :: Time to save 5,6658ms
[2024-01-11 19:37:12.434 DBG] Credits :: Time to save 5,7406ms
[2024-01-11 19:37:12.434 DBG] FirstWords :: Time to save 5,8069ms
[2024-01-11 19:42:12.445 DBG] FirstWords :: Time to save 5,702ms
[2024-01-11 19:42:12.445 DBG] Credits :: Time to save 5,7336ms
[2024-01-11 19:47:12.458 DBG] Credits :: Time to save 5,5405ms
[2024-01-11 19:47:12.458 DBG] FirstWords :: Time to save 5,6104ms
[2024-01-11 19:52:12.473 DBG] Credits :: Time to save 5,4981ms
[2024-01-11 19:52:12.473 DBG] FirstWords :: Time to save 5,5347ms
[2024-01-11 19:57:12.485 DBG] FirstWords :: Time to save 5,7369ms
[2024-01-11 19:57:12.485 DBG] Credits :: Time to save 5,7524ms
[2024-01-11 20:02:12.498 DBG] Credits :: Time to save 5,7285ms
[2024-01-11 20:02:12.498 DBG] FirstWords :: Time to save 5,7168ms
[2024-01-11 20:07:12.513 DBG] FirstWords :: Time to save 5,5951ms
[2024-01-11 20:07:12.513 DBG] Credits :: Time to save 5,6028ms
[2024-01-11 20:12:12.520 DBG] FirstWords :: Time to save 5,6546ms
[2024-01-11 20:12:12.520 DBG] Credits :: Time to save 5,7334ms
[2024-01-11 20:17:12.526 DBG] Credits :: Time to save 5,7728ms
[2024-01-11 20:17:12.526 DBG] FirstWords :: Time to save 5,7641ms
[2024-01-11 20:22:12.529 DBG] Credits :: Time to save 6,2821ms
[2024-01-11 20:22:12.529 DBG] FirstWords :: Time to save 6,3278ms
[2024-01-11 20:27:12.540 DBG] Credits :: Time to save 6,708ms
[2024-01-11 20:27:12.540 DBG] FirstWords :: Time to save 6,7236ms
[2024-01-11 20:32:12.550 DBG] FirstWords :: Time to save 6,4192ms
[2024-01-11 20:32:12.551 DBG] Credits :: Time to save 6,494ms
[2024-01-11 20:37:12.563 DBG] Credits :: Time to save 5,6062ms
[2024-01-11 20:37:12.563 DBG] FirstWords :: Time to save 5,7008ms
[2024-01-11 20:42:12.588 DBG] FirstWords :: Time to save 6,8065ms
[2024-01-11 20:42:12.588 DBG] Credits :: Time to save 6,8082ms
[2024-01-11 20:47:12.593 DBG] Credits :: Time to save 6,8259ms
[2024-01-11 20:47:12.593 DBG] FirstWords :: Time to save 6,837ms
[2024-01-11 20:52:12.602 DBG] FirstWords :: Time to save 6,7232ms
[2024-01-11 20:52:12.602 DBG] Credits :: Time to save 6,7591ms
[2024-01-11 20:57:12.613 DBG] FirstWords :: Time to save 7,1023ms
[2024-01-11 20:57:12.613 DBG] Credits :: Time to save 7,1332ms
[2024-01-11 21:02:12.626 DBG] FirstWords :: Time to save 6,7544ms
[2024-01-11 21:02:12.626 DBG] Credits :: Time to save 6,7456ms
[2024-01-11 21:07:12.637 DBG] Credits :: Time to save 5,716ms
[2024-01-11 21:07:12.637 DBG] FirstWords :: Time to save 5,792ms
[2024-01-11 21:12:12.640 DBG] FirstWords :: Time to save 6,8335ms
[2024-01-11 21:12:12.640 DBG] Credits :: Time to save 6,9078ms
[2024-01-11 21:17:12.641 DBG] Credits :: Time to save 6,6994ms
[2024-01-11 21:17:12.641 DBG] FirstWords :: Time to save 6,7656ms
[2024-01-11 21:22:12.654 DBG] Credits :: Time to save 6,5413ms
[2024-01-11 21:22:12.654 DBG] FirstWords :: Time to save 6,6174ms
[2024-01-11 21:27:12.657 DBG] Credits :: Time to save 7ms
[2024-01-11 21:27:12.657 DBG] FirstWords :: Time to save 6,9869ms
[2024-01-11 21:32:12.664 DBG] Credits :: Time to save 6,7359ms
[2024-01-11 21:32:12.664 DBG] FirstWords :: Time to save 6,7332ms
[2024-01-11 21:37:12.672 DBG] FirstWords :: Time to save 5,5991ms
[2024-01-11 21:37:12.672 DBG] Credits :: Time to save 5,6164ms
[2024-01-11 21:42:12.695 DBG] Credits :: Time to save 5,5726ms
[2024-01-11 21:42:12.695 DBG] FirstWords :: Time to save 5,6743ms
[2024-01-11 21:47:12.706 DBG] Credits :: Time to save 5,3388ms
[2024-01-11 21:47:12.706 DBG] FirstWords :: Time to save 5,4208ms
[2024-01-11 21:52:12.715 DBG] Credits :: Time to save 5,7903ms
[2024-01-11 21:52:12.715 DBG] FirstWords :: Time to save 5,9403ms
[2024-01-11 21:57:12.721 DBG] Credits :: Time to save 5,6245ms
[2024-01-11 21:57:12.721 DBG] FirstWords :: Time to save 5,8227ms
[2024-01-11 22:02:12.743 DBG] FirstWords :: Time to save 5,7127ms
[2024-01-11 22:02:12.743 DBG] Credits :: Time to save 5,7236ms
[2024-01-11 22:07:12.746 DBG] FirstWords :: Time to save 5,4991ms
[2024-01-11 22:07:12.746 DBG] Credits :: Time to save 5,5485ms
[2024-01-11 22:12:12.753 DBG] FirstWords :: Time to save 5,4036ms
[2024-01-11 22:12:12.753 DBG] Credits :: Time to save 5,4109ms
[2024-01-11 22:17:12.767 DBG] FirstWords :: Time to save 5,6821ms
[2024-01-11 22:17:12.767 DBG] Credits :: Time to save 5,7126ms
[2024-01-11 22:22:12.789 DBG] FirstWords :: Time to save 6,0738ms
[2024-01-11 22:22:12.789 DBG] Credits :: Time to save 6,1748ms
[2024-01-11 22:27:12.798 DBG] Credits :: Time to save 5,6158ms
[2024-01-11 22:27:12.798 DBG] FirstWords :: Time to save 5,6569ms
[2024-01-11 22:32:12.806 DBG] Credits :: Time to save 6,0679ms
[2024-01-11 22:32:12.806 DBG] FirstWords :: Time to save 6,1184ms
[2024-01-11 22:37:12.817 DBG] FirstWords :: Time to save 7,3903ms
[2024-01-11 22:37:12.817 DBG] Credits :: Time to save 7,4ms
[2024-01-11 22:42:12.820 DBG] Credits :: Time to save 6,921ms
[2024-01-11 22:42:12.820 DBG] FirstWords :: Time to save 6,9197ms
[2024-01-11 22:47:12.827 DBG] Credits :: Time to save 5,6521ms
[2024-01-11 22:47:12.827 DBG] FirstWords :: Time to save 5,6512ms
[2024-01-11 22:52:12.840 DBG] FirstWords :: Time to save 7,003ms
[2024-01-11 22:52:12.840 DBG] Credits :: Time to save 7,0751ms
[2024-01-11 22:57:12.853 DBG] Credits :: Time to save 6,7175ms
[2024-01-11 22:57:12.853 DBG] FirstWords :: Time to save 6,6988ms
[2024-01-11 23:02:12.860 DBG] FirstWords :: Time to save 7,0009ms
[2024-01-11 23:02:12.860 DBG] Credits :: Time to save 6,9897ms
[2024-01-11 23:07:12.867 DBG] FirstWords :: Time to save 7,2938ms
[2024-01-11 23:07:12.867 DBG] Credits :: Time to save 7,3242ms
[2024-01-11 23:12:12.871 DBG] FirstWords :: Time to save 5,8223ms
[2024-01-11 23:12:12.871 DBG] Credits :: Time to save 5,9025ms
[2024-01-11 23:17:12.885 DBG] FirstWords :: Time to save 5,4925ms
[2024-01-11 23:17:12.885 DBG] Credits :: Time to save 5,5263ms
[2024-01-11 23:22:12.895 DBG] FirstWords :: Time to save 6,918ms
[2024-01-11 23:22:12.895 DBG] Credits :: Time to save 6,995ms
[2024-01-11 23:27:12.908 DBG] FirstWords :: Time to save 6,9044ms
[2024-01-11 23:27:12.908 DBG] Credits :: Time to save 6,9562ms
[2024-01-11 23:32:12.916 DBG] Credits :: Time to save 5,6601ms
[2024-01-11 23:32:12.916 DBG] FirstWords :: Time to save 5,6676ms
[2024-01-11 23:37:12.920 DBG] Credits :: Time to save 7,5041ms
[2024-01-11 23:37:12.920 DBG] FirstWords :: Time to save 7,513ms
[2024-01-11 23:42:12.934 DBG] FirstWords :: Time to save 6,8446ms
[2024-01-11 23:42:12.934 DBG] Credits :: Time to save 6,854ms
[2024-01-11 23:47:12.935 DBG] Credits :: Time to save 5,5316ms
[2024-01-11 23:47:12.935 DBG] FirstWords :: Time to save 5,5798ms
[2024-01-11 23:52:12.945 DBG] FirstWords :: Time to save 5,7612ms
[2024-01-11 23:52:12.945 DBG] Credits :: Time to save 5,7548ms
[2024-01-11 23:57:12.948 DBG] Credits :: Time to save 5,5103ms
[2024-01-11 23:57:12.948 DBG] FirstWords :: Time to save 5,5576ms
